[INFO]-[2019/10/12 21:01:02] Cloning: skillcrushfun's clone job's data is not in database, generating data
[INFO]-[2019/10/12 21:01:02] Cloning: skillcrushfun's clone job's data is not in database, generating data
[INFO]-[2019/10/12 21:01:02] DB Copy: Creating table wpstg0_commentmeta
[INFO]-[2019/10/12 21:01:02] DB Copy: Creating table wpstg0_commentmeta
[INFO]-[2019/10/12 21:01:03] DB Copy: Creating table wpstg0_comments
[INFO]-[2019/10/12 21:01:03] DB Copy: wp_comments as wpstg0_comments from 0 to 10000 records
[INFO]-[2019/10/12 21:01:03] DB Copy: Creating table wpstg0_comments
[INFO]-[2019/10/12 21:01:03] DB Copy: wp_comments as wpstg0_comments from 0 to 10000 records
[INFO]-[2019/10/12 21:01:03] DB Copy: Creating table wpstg0_links
[INFO]-[2019/10/12 21:01:03] DB Copy: Creating table wpstg0_links
[INFO]-[2019/10/12 21:01:03] DB Copy: Creating table wpstg0_options
[INFO]-[2019/10/12 21:01:03] DB Copy: wp_options as wpstg0_options from 0 to 10000 records
[INFO]-[2019/10/12 21:01:03] DB Copy: Creating table wpstg0_options
[INFO]-[2019/10/12 21:01:03] DB Copy: wp_options as wpstg0_options from 0 to 10000 records
[INFO]-[2019/10/12 21:01:04] DB Copy: Creating table wpstg0_postmeta
[INFO]-[2019/10/12 21:01:04] DB Copy: wp_postmeta as wpstg0_postmeta from 0 to 10000 records
[INFO]-[2019/10/12 21:01:04] DB Copy: Creating table wpstg0_postmeta
[INFO]-[2019/10/12 21:01:04] DB Copy: wp_postmeta as wpstg0_postmeta from 0 to 10000 records
[INFO]-[2019/10/12 21:01:04] DB Copy: Creating table wpstg0_posts
[INFO]-[2019/10/12 21:01:04] DB Copy: wp_posts as wpstg0_posts from 0 to 10000 records
[INFO]-[2019/10/12 21:01:04] DB Copy: Creating table wpstg0_posts
[INFO]-[2019/10/12 21:01:04] DB Copy: wp_posts as wpstg0_posts from 0 to 10000 records
[INFO]-[2019/10/12 21:01:04] DB Copy: Creating table wpstg0_term_relationships
[INFO]-[2019/10/12 21:01:04] DB Copy: wp_term_relationships as wpstg0_term_relationships from 0 to 10000 records
[INFO]-[2019/10/12 21:01:04] DB Copy: Creating table wpstg0_term_relationships
[INFO]-[2019/10/12 21:01:04] DB Copy: wp_term_relationships as wpstg0_term_relationships from 0 to 10000 records
[INFO]-[2019/10/12 21:01:04] DB Copy: Creating table wpstg0_term_taxonomy
[INFO]-[2019/10/12 21:01:05] DB Copy: wp_term_taxonomy as wpstg0_term_taxonomy from 0 to 10000 records
[INFO]-[2019/10/12 21:01:04] DB Copy: Creating table wpstg0_term_taxonomy
[INFO]-[2019/10/12 21:01:05] DB Copy: wp_term_taxonomy as wpstg0_term_taxonomy from 0 to 10000 records
[INFO]-[2019/10/12 21:01:05] DB Copy: Creating table wpstg0_termmeta
[INFO]-[2019/10/12 21:01:05] DB Copy: Creating table wpstg0_termmeta
[INFO]-[2019/10/12 21:01:05] DB Copy: Creating table wpstg0_terms
[INFO]-[2019/10/12 21:01:05] DB Copy: wp_terms as wpstg0_terms from 0 to 10000 records
[INFO]-[2019/10/12 21:01:05] DB Copy: Creating table wpstg0_terms
[INFO]-[2019/10/12 21:01:05] DB Copy: wp_terms as wpstg0_terms from 0 to 10000 records
[INFO]-[2019/10/12 21:01:05] DB Copy: Creating table wpstg0_usermeta
[INFO]-[2019/10/12 21:01:05] DB Copy: wp_usermeta as wpstg0_usermeta from 0 to 10000 records
[INFO]-[2019/10/12 21:01:05] DB Copy: Creating table wpstg0_usermeta
[INFO]-[2019/10/12 21:01:05] DB Copy: wp_usermeta as wpstg0_usermeta from 0 to 10000 records
[INFO]-[2019/10/12 21:01:06] DB Copy: Creating table wpstg0_users
[INFO]-[2019/10/12 21:01:06] DB Copy: wp_users as wpstg0_users from 0 to 10000 records
[INFO]-[2019/10/12 21:01:06] DB Copy: Creating table wpstg0_users
[INFO]-[2019/10/12 21:01:06] DB Copy: wp_users as wpstg0_users from 0 to 10000 records
[]-[] 
[]-[] 
[]-[] 
[]-[] 
[INFO]-[2019/10/12 21:01:07] DB Processing:  Table wpstg0_comments 0 to 5000 records
[INFO]-[2019/10/12 21:01:07] DB Processing:  Table wpstg0_comments 0 to 5000 records
[]-[] 
[]-[] 
[INFO]-[2019/10/12 21:01:07] DB Processing:  Table wpstg0_options 0 to 5000 records
[INFO]-[2019/10/12 21:01:07] DB Processing:  Table wpstg0_options 0 to 5000 records
[INFO]-[2019/10/12 21:01:08] DB Processing:  Table wpstg0_postmeta 0 to 5000 records
[INFO]-[2019/10/12 21:01:08] DB Processing:  Table wpstg0_postmeta 0 to 5000 records
[INFO]-[2019/10/12 21:01:08] DB Processing:  Table wpstg0_posts 0 to 5000 records
[INFO]-[2019/10/12 21:01:08] DB Processing:  Table wpstg0_posts 0 to 5000 records
[INFO]-[2019/10/12 21:01:08] DB Processing:  Table wpstg0_term_relationships 0 to 5000 records
[INFO]-[2019/10/12 21:01:08] DB Processing:  Table wpstg0_term_relationships 0 to 5000 records
[INFO]-[2019/10/12 21:01:08] DB Processing:  Table wpstg0_term_taxonomy 0 to 5000 records
[INFO]-[2019/10/12 21:01:08] DB Processing:  Table wpstg0_term_taxonomy 0 to 5000 records
[]-[] 
[]-[] 
[INFO]-[2019/10/12 21:01:09] DB Processing:  Table wpstg0_terms 0 to 5000 records
[INFO]-[2019/10/12 21:01:09] DB Processing:  Table wpstg0_terms 0 to 5000 records
[INFO]-[2019/10/12 21:01:09] DB Processing:  Table wpstg0_usermeta 0 to 5000 records
[INFO]-[2019/10/12 21:01:09] DB Processing:  Table wpstg0_usermeta 0 to 5000 records
[INFO]-[2019/10/12 21:01:10] DB Processing:  Table wpstg0_users 0 to 5000 records
[INFO]-[2019/10/12 21:01:10] DB Processing:  Table wpstg0_users 0 to 5000 records
[]-[] 
[]-[] 
[INFO]-[2019/10/12 21:01:10] Scanning / for files
[INFO]-[2019/10/12 21:01:10] Scanning / for files
[INFO]-[2019/10/12 21:01:10] Scanning wp-content folder C:\xampp\htdocs\203-accelerate/wp-content
[INFO]-[2019/10/12 21:01:10] Scanning wp-content folder C:\xampp\htdocs\203-accelerate/wp-content
[INFO]-[2019/10/12 21:01:11] Scanning /wp-includes for its sub-directories and files
[INFO]-[2019/10/12 21:01:11] Scanning /wp-includes for its sub-directories and files
[INFO]-[2019/10/12 21:01:11] Scanning /wp-admin for its sub-directories and files
[INFO]-[2019/10/12 21:01:11] Scanning /wp-admin for its sub-directories and files
[INFO]-[2019/10/12 21:01:12] Copying files...
[INFO]-[2019/10/12 21:01:12] Total 50 files processed
[INFO]-[2019/10/12 21:01:12] Copying files...
[INFO]-[2019/10/12 21:01:12] Total 50 files processed
[INFO]-[2019/10/12 21:01:13] Total 100 files processed
[INFO]-[2019/10/12 21:01:13] Total 100 files processed
[INFO]-[2019/10/12 21:01:13] Total 150 files processed
[INFO]-[2019/10/12 21:01:13] Total 150 files processed
[INFO]-[2019/10/12 21:01:14] Total 200 files processed
[INFO]-[2019/10/12 21:01:14] Total 200 files processed
[INFO]-[2019/10/12 21:01:14] Total 250 files processed
[INFO]-[2019/10/12 21:01:14] Total 250 files processed
[INFO]-[2019/10/12 21:01:15] Total 300 files processed
[INFO]-[2019/10/12 21:01:15] Total 300 files processed
[INFO]-[2019/10/12 21:01:16] Total 350 files processed
[INFO]-[2019/10/12 21:01:16] Total 350 files processed
[INFO]-[2019/10/12 21:01:16] Total 400 files processed
[INFO]-[2019/10/12 21:01:16] Total 400 files processed
[INFO]-[2019/10/12 21:01:17] Total 450 files processed
[INFO]-[2019/10/12 21:01:17] Total 450 files processed
[INFO]-[2019/10/12 21:01:18] Total 500 files processed
[INFO]-[2019/10/12 21:01:18] Total 500 files processed
