[INFO]-[2019/10/12 21:01:02] Cloning: skillcrushfun's clone job's data is not in database, generating data
[INFO]-[2019/10/12 21:01:02] Cloning: skillcrushfun's clone job's data is not in database, generating data
[INFO]-[2019/10/12 21:01:02] DB Copy: Creating table wpstg0_commentmeta
[INFO]-[2019/10/12 21:01:02] DB Copy: Creating table wpstg0_commentmeta
[INFO]-[2019/10/12 21:01:03] DB Copy: Creating table wpstg0_comments
[INFO]-[2019/10/12 21:01:03] DB Copy: wp_comments as wpstg0_comments from 0 to 10000 records
[INFO]-[2019/10/12 21:01:03] DB Copy: Creating table wpstg0_comments
[INFO]-[2019/10/12 21:01:03] DB Copy: wp_comments as wpstg0_comments from 0 to 10000 records
[INFO]-[2019/10/12 21:01:03] DB Copy: Creating table wpstg0_links
[INFO]-[2019/10/12 21:01:03] DB Copy: Creating table wpstg0_links
[INFO]-[2019/10/12 21:01:03] DB Copy: Creating table wpstg0_options
[INFO]-[2019/10/12 21:01:03] DB Copy: wp_options as wpstg0_options from 0 to 10000 records
[INFO]-[2019/10/12 21:01:03] DB Copy: Creating table wpstg0_options
[INFO]-[2019/10/12 21:01:03] DB Copy: wp_options as wpstg0_options from 0 to 10000 records
[INFO]-[2019/10/12 21:01:04] DB Copy: Creating table wpstg0_postmeta
[INFO]-[2019/10/12 21:01:04] DB Copy: wp_postmeta as wpstg0_postmeta from 0 to 10000 records
[INFO]-[2019/10/12 21:01:04] DB Copy: Creating table wpstg0_postmeta
[INFO]-[2019/10/12 21:01:04] DB Copy: wp_postmeta as wpstg0_postmeta from 0 to 10000 records
[INFO]-[2019/10/12 21:01:04] DB Copy: Creating table wpstg0_posts
[INFO]-[2019/10/12 21:01:04] DB Copy: wp_posts as wpstg0_posts from 0 to 10000 records
[INFO]-[2019/10/12 21:01:04] DB Copy: Creating table wpstg0_posts
[INFO]-[2019/10/12 21:01:04] DB Copy: wp_posts as wpstg0_posts from 0 to 10000 records
[INFO]-[2019/10/12 21:01:04] DB Copy: Creating table wpstg0_term_relationships
[INFO]-[2019/10/12 21:01:04] DB Copy: wp_term_relationships as wpstg0_term_relationships from 0 to 10000 records
[INFO]-[2019/10/12 21:01:04] DB Copy: Creating table wpstg0_term_relationships
[INFO]-[2019/10/12 21:01:04] DB Copy: wp_term_relationships as wpstg0_term_relationships from 0 to 10000 records
[INFO]-[2019/10/12 21:01:04] DB Copy: Creating table wpstg0_term_taxonomy
[INFO]-[2019/10/12 21:01:05] DB Copy: wp_term_taxonomy as wpstg0_term_taxonomy from 0 to 10000 records
[INFO]-[2019/10/12 21:01:04] DB Copy: Creating table wpstg0_term_taxonomy
[INFO]-[2019/10/12 21:01:05] DB Copy: wp_term_taxonomy as wpstg0_term_taxonomy from 0 to 10000 records
[INFO]-[2019/10/12 21:01:05] DB Copy: Creating table wpstg0_termmeta
[INFO]-[2019/10/12 21:01:05] DB Copy: Creating table wpstg0_termmeta
[INFO]-[2019/10/12 21:01:05] DB Copy: Creating table wpstg0_terms
[INFO]-[2019/10/12 21:01:05] DB Copy: wp_terms as wpstg0_terms from 0 to 10000 records
[INFO]-[2019/10/12 21:01:05] DB Copy: Creating table wpstg0_terms
[INFO]-[2019/10/12 21:01:05] DB Copy: wp_terms as wpstg0_terms from 0 to 10000 records
[INFO]-[2019/10/12 21:01:05] DB Copy: Creating table wpstg0_usermeta
[INFO]-[2019/10/12 21:01:05] DB Copy: wp_usermeta as wpstg0_usermeta from 0 to 10000 records
[INFO]-[2019/10/12 21:01:05] DB Copy: Creating table wpstg0_usermeta
[INFO]-[2019/10/12 21:01:05] DB Copy: wp_usermeta as wpstg0_usermeta from 0 to 10000 records
[INFO]-[2019/10/12 21:01:06] DB Copy: Creating table wpstg0_users
[INFO]-[2019/10/12 21:01:06] DB Copy: wp_users as wpstg0_users from 0 to 10000 records
[INFO]-[2019/10/12 21:01:06] DB Copy: Creating table wpstg0_users
[INFO]-[2019/10/12 21:01:06] DB Copy: wp_users as wpstg0_users from 0 to 10000 records
[]-[] 
[]-[] 
[]-[] 
[]-[] 
[INFO]-[2019/10/12 21:01:07] DB Processing:  Table wpstg0_comments 0 to 5000 records
[INFO]-[2019/10/12 21:01:07] DB Processing:  Table wpstg0_comments 0 to 5000 records
[]-[] 
[]-[] 
[INFO]-[2019/10/12 21:01:07] DB Processing:  Table wpstg0_options 0 to 5000 records
[INFO]-[2019/10/12 21:01:07] DB Processing:  Table wpstg0_options 0 to 5000 records
[INFO]-[2019/10/12 21:01:08] DB Processing:  Table wpstg0_postmeta 0 to 5000 records
[INFO]-[2019/10/12 21:01:08] DB Processing:  Table wpstg0_postmeta 0 to 5000 records
[INFO]-[2019/10/12 21:01:08] DB Processing:  Table wpstg0_posts 0 to 5000 records
[INFO]-[2019/10/12 21:01:08] DB Processing:  Table wpstg0_posts 0 to 5000 records
[INFO]-[2019/10/12 21:01:08] DB Processing:  Table wpstg0_term_relationships 0 to 5000 records
[INFO]-[2019/10/12 21:01:08] DB Processing:  Table wpstg0_term_relationships 0 to 5000 records
[INFO]-[2019/10/12 21:01:08] DB Processing:  Table wpstg0_term_taxonomy 0 to 5000 records
[INFO]-[2019/10/12 21:01:08] DB Processing:  Table wpstg0_term_taxonomy 0 to 5000 records
[]-[] 
[]-[] 
[INFO]-[2019/10/12 21:01:09] DB Processing:  Table wpstg0_terms 0 to 5000 records
[INFO]-[2019/10/12 21:01:09] DB Processing:  Table wpstg0_terms 0 to 5000 records
[INFO]-[2019/10/12 21:01:09] DB Processing:  Table wpstg0_usermeta 0 to 5000 records
[INFO]-[2019/10/12 21:01:09] DB Processing:  Table wpstg0_usermeta 0 to 5000 records
[INFO]-[2019/10/12 21:01:10] DB Processing:  Table wpstg0_users 0 to 5000 records
[INFO]-[2019/10/12 21:01:10] DB Processing:  Table wpstg0_users 0 to 5000 records
[]-[] 
[]-[] 
[INFO]-[2019/10/12 21:01:10] Scanning / for files
[INFO]-[2019/10/12 21:01:10] Scanning / for files
[INFO]-[2019/10/12 21:01:10] Scanning wp-content folder C:\xampp\htdocs\203-accelerate/wp-content
[INFO]-[2019/10/12 21:01:10] Scanning wp-content folder C:\xampp\htdocs\203-accelerate/wp-content
[INFO]-[2019/10/12 21:01:11] Scanning /wp-includes for its sub-directories and files
[INFO]-[2019/10/12 21:01:11] Scanning /wp-includes for its sub-directories and files
[INFO]-[2019/10/12 21:01:11] Scanning /wp-admin for its sub-directories and files
[INFO]-[2019/10/12 21:01:11] Scanning /wp-admin for its sub-directories and files
[INFO]-[2019/10/12 21:01:12] Copying files...
[INFO]-[2019/10/12 21:01:12] Total 50 files processed
[INFO]-[2019/10/12 21:01:12] Copying files...
[INFO]-[2019/10/12 21:01:12] Total 50 files processed
[INFO]-[2019/10/12 21:01:13] Total 100 files processed
[INFO]-[2019/10/12 21:01:13] Total 100 files processed
[INFO]-[2019/10/12 21:01:13] Total 150 files processed
[INFO]-[2019/10/12 21:01:13] Total 150 files processed
[INFO]-[2019/10/12 21:01:14] Total 200 files processed
[INFO]-[2019/10/12 21:01:14] Total 200 files processed
[INFO]-[2019/10/12 21:01:14] Total 250 files processed
[INFO]-[2019/10/12 21:01:14] Total 250 files processed
[INFO]-[2019/10/12 21:01:15] Total 300 files processed
[INFO]-[2019/10/12 21:01:15] Total 300 files processed
[INFO]-[2019/10/12 21:01:16] Total 350 files processed
[INFO]-[2019/10/12 21:01:16] Total 350 files processed
[INFO]-[2019/10/12 21:01:16] Total 400 files processed
[INFO]-[2019/10/12 21:01:16] Total 400 files processed
[INFO]-[2019/10/12 21:01:17] Total 450 files processed
[INFO]-[2019/10/12 21:01:17] Total 450 files processed
[INFO]-[2019/10/12 21:01:18] Total 500 files processed
[INFO]-[2019/10/12 21:01:18] Total 500 files processed
[INFO]-[2019/10/12 21:01:18] Total 550 files processed
[INFO]-[2019/10/12 21:01:18] Total 550 files processed
[INFO]-[2019/10/12 21:01:19] Total 600 files processed
[INFO]-[2019/10/12 21:01:19] Total 600 files processed
[INFO]-[2019/10/12 21:01:19] Total 650 files processed
[INFO]-[2019/10/12 21:01:19] Total 650 files processed
[INFO]-[2019/10/12 21:01:20] Total 700 files processed
[INFO]-[2019/10/12 21:01:20] Total 700 files processed
[INFO]-[2019/10/12 21:01:20] Total 750 files processed
[INFO]-[2019/10/12 21:01:20] Total 750 files processed
[INFO]-[2019/10/12 21:01:21] Total 800 files processed
[INFO]-[2019/10/12 21:01:21] Total 800 files processed
[INFO]-[2019/10/12 21:01:21] Total 850 files processed
[INFO]-[2019/10/12 21:01:21] Total 850 files processed
[INFO]-[2019/10/12 21:01:22] Total 900 files processed
[INFO]-[2019/10/12 21:01:22] Total 900 files processed
[INFO]-[2019/10/12 21:01:24] Total 950 files processed
[INFO]-[2019/10/12 21:01:24] Total 950 files processed
[INFO]-[2019/10/12 21:01:25] Total 1000 files processed
[INFO]-[2019/10/12 21:01:25] Total 1000 files processed
[INFO]-[2019/10/12 21:01:25] Total 1050 files processed
[INFO]-[2019/10/12 21:01:25] Total 1050 files processed
[INFO]-[2019/10/12 21:01:26] Total 1100 files processed
[INFO]-[2019/10/12 21:01:26] Total 1100 files processed
[INFO]-[2019/10/12 21:01:27] Total 1150 files processed
[INFO]-[2019/10/12 21:01:27] Total 1150 files processed
[INFO]-[2019/10/12 21:01:28] Total 1200 files processed
[INFO]-[2019/10/12 21:01:28] Total 1200 files processed
[INFO]-[2019/10/12 21:01:29] Total 1250 files processed
[INFO]-[2019/10/12 21:01:29] Total 1250 files processed
[INFO]-[2019/10/12 21:01:31] Total 1300 files processed
[INFO]-[2019/10/12 21:01:31] Total 1300 files processed
[INFO]-[2019/10/12 21:01:31] Total 1350 files processed
[INFO]-[2019/10/12 21:01:31] Total 1350 files processed
[INFO]-[2019/10/12 21:01:32] Total 1400 files processed
[INFO]-[2019/10/12 21:01:32] Total 1400 files processed
[INFO]-[2019/10/12 21:01:32] Total 1450 files processed
[INFO]-[2019/10/12 21:01:32] Total 1450 files processed
[INFO]-[2019/10/12 21:01:33] Total 1500 files processed
[INFO]-[2019/10/12 21:01:33] Total 1500 files processed
[INFO]-[2019/10/12 21:01:34] Total 1550 files processed
[INFO]-[2019/10/12 21:01:34] Total 1550 files processed
[INFO]-[2019/10/12 21:01:34] Total 1600 files processed
[INFO]-[2019/10/12 21:01:34] Total 1600 files processed
[INFO]-[2019/10/12 21:01:35] Total 1650 files processed
[INFO]-[2019/10/12 21:01:35] Total 1650 files processed
[INFO]-[2019/10/12 21:01:35] Total 1700 files processed
[INFO]-[2019/10/12 21:01:35] Total 1700 files processed
[INFO]-[2019/10/12 21:01:36] Total 1750 files processed
[INFO]-[2019/10/12 21:01:36] Total 1750 files processed
[INFO]-[2019/10/12 21:01:36] Total 1800 files processed
[INFO]-[2019/10/12 21:01:36] Total 1800 files processed
[INFO]-[2019/10/12 21:01:37] Total 1850 files processed
[INFO]-[2019/10/12 21:01:37] Total 1850 files processed
[INFO]-[2019/10/12 21:01:37] Total 1900 files processed
[INFO]-[2019/10/12 21:01:37] Total 1900 files processed
[INFO]-[2019/10/12 21:01:38] Total 1950 files processed
[INFO]-[2019/10/12 21:01:38] Total 1950 files processed
[INFO]-[2019/10/12 21:01:39] Total 2000 files processed
[INFO]-[2019/10/12 21:01:39] Total 2000 files processed
[INFO]-[2019/10/12 21:01:40] Total 2050 files processed
[INFO]-[2019/10/12 21:01:40] Total 2050 files processed
[INFO]-[2019/10/12 21:01:40] Total 2100 files processed
[INFO]-[2019/10/12 21:01:40] Total 2100 files processed
[WARNING]-[2019/10/12 21:01:41] File doesn't exist C:\xampp\htdocs\203-accelerate\
[WARNING]-[2019/10/12 21:01:41] File doesn't exist C:\xampp\htdocs\203-accelerate\
[INFO]-[2019/10/12 21:01:41] Copying files finished
[INFO]-[2019/10/12 21:01:41] Copying files finished
[INFO]-[2019/10/12 21:01:41] Preparing Data Step0: Copy wp-config.php file
[INFO]-[2019/10/12 21:01:41] Preparing Data Step0: Copy wp-config.php file
[INFO]-[2019/10/12 21:01:41] Preparing Data Step1: Updating siteurl and homeurl in wpstg0_options 
[INFO]-[2019/10/12 21:01:41] Preparing Data Step1: Updating siteurl and homeurl to http://localhost/203-accelerate/skillcrushfun
[WARNING]-[2019/10/12 21:01:41] Preparing Data Step1: Skip updating siteurl and homeurl in wpstg0_options. Probably already did! 
[INFO]-[2019/10/12 21:01:41] Preparing Data Step1: Updating siteurl and homeurl in wpstg0_options 
[INFO]-[2019/10/12 21:01:41] Preparing Data Step1: Updating siteurl and homeurl to http://localhost/203-accelerate/skillcrushfun
[WARNING]-[2019/10/12 21:01:41] Preparing Data Step1: Skip updating siteurl and homeurl in wpstg0_options. Probably already did! 
[INFO]-[2019/10/12 21:01:42] Preparing Data Step2: Updating row wpstg_is_staging_site in wpstg0_options 
[INFO]-[2019/10/12 21:01:42] Preparing Data Step2: Successful
[INFO]-[2019/10/12 21:01:42] Preparing Data Step2: Updating row wpstg_is_staging_site in wpstg0_options 
[INFO]-[2019/10/12 21:01:42] Preparing Data Step2: Successful
[INFO]-[2019/10/12 21:01:42] Preparing Data Step3: Updating rewrite_rules in wpstg0_options 
[INFO]-[2019/10/12 21:01:42] Preparing Data Step3: Updating rewrite_rules in wpstg0_options 
[INFO]-[2019/10/12 21:01:42] Preparing Data Step4: Updating db prefix in wpstg0_usermeta. 
[INFO]-[2019/10/12 21:01:42] Preparing Data Step4: Updating db prefix in wpstg0_usermeta. 
[INFO]-[2019/10/12 21:01:43] Preparing Data Step5: Updating table_prefix in C:\xampp\htdocs\203-accelerate\skillcrushfun/wp-config.php to wpstg0_
[INFO]-[2019/10/12 21:01:43] Preparing Data Step5: Updating table_prefix in C:\xampp\htdocs\203-accelerate\skillcrushfun/wp-config.php to wpstg0_
[]-[] 
[]-[] 
[INFO]-[2019/10/12 21:01:43] Preparing Data Step7: Updating wpstg_rmpermalinks_executed in wpstg0_options 
[INFO]-[2019/10/12 21:01:43] Preparing Data Step7: Finished successfully
[INFO]-[2019/10/12 21:01:43] Preparing Data Step7: Updating wpstg_rmpermalinks_executed in wpstg0_options 
[INFO]-[2019/10/12 21:01:43] Preparing Data Step7: Finished successfully
[INFO]-[2019/10/12 21:01:43] Preparing Data Step8: Updating permalink_structure in wpstg0_options 
[INFO]-[2019/10/12 21:01:43] Preparing Data Step8: Finished successfully
[INFO]-[2019/10/12 21:01:43] Preparing Data Step8: Updating permalink_structure in wpstg0_options 
[INFO]-[2019/10/12 21:01:43] Preparing Data Step8: Finished successfully
[INFO]-[2019/10/12 21:01:44] Preparing Data Step9: Set staging site to noindex
[INFO]-[2019/10/12 21:01:44] Preparing Data Step9: Finished successfully
[INFO]-[2019/10/12 21:01:44] Preparing Data Step9: Set staging site to noindex
[INFO]-[2019/10/12 21:01:44] Preparing Data Step9: Finished successfully
[INFO]-[2019/10/12 21:01:44] Preparing Data Step10: Updating WP_HOME in wp-config.php to http://localhost/203-accelerate/skillcrushfun
[INFO]-[2019/10/12 21:01:44] Preparing Data Step10: WP_HOME not defined in wp-config.php. Skipping this step.
[INFO]-[2019/10/12 21:01:44] Preparing Data Step10: Finished successfully
[INFO]-[2019/10/12 21:01:44] Preparing Data Step10: Updating WP_HOME in wp-config.php to http://localhost/203-accelerate/skillcrushfun
[INFO]-[2019/10/12 21:01:44] Preparing Data Step10: WP_HOME not defined in wp-config.php. Skipping this step.
[INFO]-[2019/10/12 21:01:44] Preparing Data Step10: Finished successfully
[INFO]-[2019/10/12 21:01:44] Preparing Data Step11: Updating WP_SITEURL in wp-config.php to http://localhost/203-accelerate/skillcrushfun
[INFO]-[2019/10/12 21:01:44] Preparing Data Step11: WP_SITEURL not defined in wp-config.php. Skipping this step.
[INFO]-[2019/10/12 21:01:44] Preparing Data Step11: Finished successfully
[INFO]-[2019/10/12 21:01:44] Preparing Data Step11: Updating WP_SITEURL in wp-config.php to http://localhost/203-accelerate/skillcrushfun
[INFO]-[2019/10/12 21:01:44] Preparing Data Step11: WP_SITEURL not defined in wp-config.php. Skipping this step.
[INFO]-[2019/10/12 21:01:44] Preparing Data Step11: Finished successfully
[INFO]-[2019/10/12 21:01:45] Preparing Data Step12: Updating db prefix in wpstg0_options.
[INFO]-[2019/10/12 21:01:45] Preparing Data Step12: Finished successfully
[INFO]-[2019/10/12 21:01:45] Preparing Data Step12: Updating db prefix in wpstg0_options.
[INFO]-[2019/10/12 21:01:45] Preparing Data Step12: Finished successfully
[INFO]-[2019/10/12 21:01:45] Preparing Data Step13: Updating upload_path wpstg0_options.
[INFO]-[2019/10/12 21:01:45] Preparing Data Step13: Skipped
[INFO]-[2019/10/12 21:01:45] Preparing Data Step13: Updating upload_path wpstg0_options.
[INFO]-[2019/10/12 21:01:45] Preparing Data Step13: Skipped
[INFO]-[2019/10/12 21:01:45] Preparing Data Step14: Set WP_CACHE in wp-config.php to false
[INFO]-[2019/10/12 21:01:45] Preparing Data Step14: WP_CACHE not defined in wp-config.php. Skipping this step.
[INFO]-[2019/10/12 21:01:45] Preparing Data Step14: Finished successfully
[INFO]-[2019/10/12 21:01:45] Preparing Data Step14: Set WP_CACHE in wp-config.php to false
[INFO]-[2019/10/12 21:01:45] Preparing Data Step14: WP_CACHE not defined in wp-config.php. Skipping this step.
[INFO]-[2019/10/12 21:01:45] Preparing Data Step14: Finished successfully
[INFO]-[2019/10/12 21:01:45] Preparing Data Step15: Set WP_CONTENT_DIR in wp-config.php to false
[INFO]-[2019/10/12 21:01:45] Preparing Data Step15: WP_CONTENT_DIR not defined in wp-config.php. Skipping this step.
[INFO]-[2019/10/12 21:01:45] Preparing Data Step15: Finished successfully
[INFO]-[2019/10/12 21:01:45] Preparing Data Step15: Set WP_CONTENT_DIR in wp-config.php to false
[INFO]-[2019/10/12 21:01:45] Preparing Data Step15: WP_CONTENT_DIR not defined in wp-config.php. Skipping this step.
[INFO]-[2019/10/12 21:01:45] Preparing Data Step15: Finished successfully
[INFO]-[2019/10/12 21:01:46] Preparing Data Step16: Set WP_CONTENT_URL in wp-config.php to false
[INFO]-[2019/10/12 21:01:46] Preparing Data Step16: WP_CONTENT_URL not defined in wp-config.php. Skipping this step.
[INFO]-[2019/10/12 21:01:46] Preparing Data Step16: Finished successfully
[INFO]-[2019/10/12 21:01:46] Preparing Data Step16: Set WP_CONTENT_URL in wp-config.php to false
[INFO]-[2019/10/12 21:01:46] Preparing Data Step16: WP_CONTENT_URL not defined in wp-config.php. Skipping this step.
[INFO]-[2019/10/12 21:01:46] Preparing Data Step16: Finished successfully
[INFO]-[2019/10/12 21:01:46] Preparing Data Step17: Update UPLOADS constant in wp-config.php
[INFO]-[2019/10/12 21:01:46] Preparing Data Step17: UPLOADS not defined in wp-config.php. Creating new entry.
[INFO]-[2019/10/12 21:01:46] Preparing Data Step17: Finished successfully
[INFO]-[2019/10/12 21:01:46] Preparing Data Step17: Update UPLOADS constant in wp-config.php
[INFO]-[2019/10/12 21:01:46] Preparing Data Step17: UPLOADS not defined in wp-config.php. Creating new entry.
[INFO]-[2019/10/12 21:01:46] Preparing Data Step17: Finished successfully
[]-[] 
[]-[] 
[INFO]-[2019/10/12 21:01:46] Finish: Deleting clone job's cache files...
[INFO]-[2019/10/12 21:01:46] Finish: Clone job's cache files have been deleted!
[INFO]-[2019/10/12 21:01:46] Finish: Verifying existing clones...
[INFO]-[2019/10/12 21:01:46] Finish: The job finished!
[INFO]-[2019/10/12 21:01:46] Finish: Deleting clone job's cache files...
[INFO]-[2019/10/12 21:01:46] Finish: Clone job's cache files have been deleted!
[INFO]-[2019/10/12 21:01:46] Finish: Verifying existing clones...
[INFO]-[2019/10/12 21:01:46] Finish: The job finished!
